     Assembly listing for: helloworld.mas
                Assembled: Sun Oct 14 20:28:50 GST 2018

         |           ORG 0              / implemented using "do while" loop
000 1011 |  WHILE    LOAD STR_BASE      / load str_base into ac
001 300F |           ADD ITR            / add index to str_base
002 2010 |           STORE INDEX        / store (str_base + index) into ac
003 A000 |           CLEAR              / set ac to zero
004 B010 |           ADDI INDEX         / get the value at ADDR
005 8400 |           SKIPCOND 400       / SKIP if ADDR = 0 (or null char)
006 9008 |           JUMP DO            / jump to DO
007 900D |           JUMP END           / JUMP to END
         |                              
008 6000 |  DO       OUTPUT             / output value at ADDR
009 100F |           LOAD ITR           / load iterator into ac
00A 300E |           ADD ONE            / increment iterator by one
00B 200F |           STORE ITR          / store ac in iterator
00C 9000 |           JUMP WHILE         / jump to while
         |                              
00D 7000 |  END      HALT                
00E 0001 |  ONE      DEC 1               
00F 0000 |  ITR      DEC 0               
010 0000 |  INDEX    HEX 0               
011 0012 |  STR_BASE HEX 12             / memory location of str
012 0046 |  STR      HEX 46             / F
013 0041 |           HEX 41             / A
014 0057 |           HEX 57             / W
015 0041 |           HEX 41             / A
016 005A |           HEX 5A             / Z
017 000D |           HEX D              / carriage return
018 0035 |           HEX 35             / 5
019 0034 |           HEX 34             / 4
01A 0036 |           HEX 36             / 6
01B 0035 |           HEX 35             / 5
01C 0031 |           HEX 31             / 1
01D 0036 |           HEX 36             / 6
01E 0033 |           HEX 33             / 3
01F 0000 |           HEX 0              / NULL char

Assembly successful.

         SYMBOL TABLE
         ----------------------------------------------------
          Symbol   | Defined | References 
         ----------+---------+-------------------------------
          DO       |   008   | 006
          END      |   00D   | 007
          INDEX    |   010   | 002, 004
          ITR      |   00F   | 001, 009, 00B
          ONE      |   00E   | 00A
          STR      |   012   | 
          STR_BASE |   011   | 000
          WHILE    |   000   | 00C
         ----------------------------------------------------

